# JRE version: Java(TM) SE Runtime Environment (8.0_241-b07) (build 1.8.0_241-b07)
# Java VM: Java HotSpot(TM) 64-Bit Server VM (25.241-b07 mixed mode windows-amd64 compressed oops)
Heap:
 PSYoungGen      total 279040K, used 65092K [0x00000000d5f00000, 0x00000000ec080000, 0x0000000100000000)
  eden space 261632K, 23% used [0x00000000d5f00000,0x00000000d9a8c8d0,0x00000000e5e80000)
  from space 17408K, 23% used [0x00000000e5e80000,0x00000000e6284a70,0x00000000e6f80000)
  to   space 16896K, 0% used [0x00000000eb000000,0x00000000eb000000,0x00000000ec080000)
 ParOldGen       total 119296K, used 21905K [0x0000000081c00000, 0x0000000089080000, 0x00000000d5f00000)
  object space 119296K, 18% used [0x0000000081c00000,0x0000000083164580,0x0000000089080000)
 Metaspace       used 58107K, capacity 61921K, committed 61992K, reserved 1101824K
  class space    used 8288K, capacity 8980K, committed 9000K, reserved 1048576K
GC Heap History (10 events):
Event: 51.181 GC heap before
{Heap before GC invocations=13 (full 2):
 PSYoungGen      total 223744K, used 99055K [0x00000000d5f00000, 0x00000000e4f80000, 0x0000000100000000)
  eden space 209920K, 40% used [0x00000000d5f00000,0x00000000db23e770,0x00000000e2c00000)
  from space 13824K, 99% used [0x00000000e4200000,0x00000000e4f7d7f0,0x00000000e4f80000)
  to   space 17920K, 0% used [0x00000000e2c80000,0x00000000e2c80000,0x00000000e3e00000)
 ParOldGen       total 84992K, used 21510K [0x0000000081c00000, 0x0000000086f00000, 0x00000000d5f00000)
  object space 84992K, 25% used [0x0000000081c00000,0x0000000083101808,0x0000000086f00000)
 Metaspace       used 55580K, capacity 59089K, committed 59160K, reserved 1099776K
  class space    used 7916K, capacity 8551K, committed 8616K, reserved 1048576K
Event: 51.192 GC heap after
Heap after GC invocations=13 (full 2):
 PSYoungGen      total 228352K, used 7062K [0x00000000d5f00000, 0x00000000e8080000, 0x0000000100000000)
  eden space 210432K, 0% used [0x00000000d5f00000,0x00000000d5f00000,0x00000000e2c80000)
  from space 17920K, 39% used [0x00000000e2c80000,0x00000000e3365a80,0x00000000e3e00000)
  to   space 17408K, 0% used [0x00000000e6f80000,0x00000000e6f80000,0x00000000e8080000)
 ParOldGen       total 84992K, used 28000K [0x0000000081c00000, 0x0000000086f00000, 0x00000000d5f00000)
  object space 84992K, 32% used [0x0000000081c00000,0x00000000837583e8,0x0000000086f00000)
 Metaspace       used 55580K, capacity 59089K, committed 59160K, reserved 1099776K
  class space    used 7916K, capacity 8551K, committed 8616K, reserved 1048576K
}
Event: 51.192 GC heap before
{Heap before GC invocations=14 (full 3):
 PSYoungGen      total 228352K, used 7062K [0x00000000d5f00000, 0x00000000e8080000, 0x0000000100000000)
  eden space 210432K, 0% used [0x00000000d5f00000,0x00000000d5f00000,0x00000000e2c80000)
  from space 17920K, 39% used [0x00000000e2c80000,0x00000000e3365a80,0x00000000e3e00000)
  to   space 17408K, 0% used [0x00000000e6f80000,0x00000000e6f80000,0x00000000e8080000)
 ParOldGen       total 84992K, used 28000K [0x0000000081c00000, 0x0000000086f00000, 0x00000000d5f00000)
  object space 84992K, 32% used [0x0000000081c00000,0x00000000837583e8,0x0000000086f00000)
 Metaspace       used 55580K, capacity 59089K, committed 59160K, reserved 1099776K
  class space    used 7916K, capacity 8551K, committed 8616K, reserved 1048576K
Event: 51.328 GC heap after
Heap after GC invocations=14 (full 3):
 PSYoungGen      total 228352K, used 0K [0x00000000d5f00000, 0x00000000e8080000, 0x0000000100000000)
  eden space 210432K, 0% used [0x00000000d5f00000,0x00000000d5f00000,0x00000000e2c80000)
  from space 17920K, 0% used [0x00000000e2c80000,0x00000000e2c80000,0x00000000e3e00000)
  to   space 17408K, 0% used [0x00000000e6f80000,0x00000000e6f80000,0x00000000e8080000)
 ParOldGen       total 119296K, used 24840K [0x0000000081c00000, 0x0000000089080000, 0x00000000d5f00000)
  object space 119296K, 20% used [0x0000000081c00000,0x00000000834421b0,0x0000000089080000)
 Metaspace       used 55580K, capacity 59089K, committed 59160K, reserved 1099776K
  class space    used 7916K, capacity 8551K, committed 8616K, reserved 1048576K
}
Event: 180.725 GC heap before
{Heap before GC invocations=15 (full 3):
 PSYoungGen      total 228352K, used 41109K [0x00000000d5f00000, 0x00000000e8080000, 0x0000000100000000)
  eden space 210432K, 19% used [0x00000000d5f00000,0x00000000d8725790,0x00000000e2c80000)
  from space 17920K, 0% used [0x00000000e2c80000,0x00000000e2c80000,0x00000000e3e00000)
  to   space 17408K, 0% used [0x00000000e6f80000,0x00000000e6f80000,0x00000000e8080000)
 ParOldGen       total 119296K, used 24840K [0x0000000081c00000, 0x0000000089080000, 0x00000000d5f00000)
  object space 119296K, 20% used [0x0000000081c00000,0x00000000834421b0,0x0000000089080000)
 Metaspace       used 57828K, capacity 61493K, committed 61736K, reserved 1101824K
  class space    used 8235K, capacity 8908K, committed 9000K, reserved 1048576K
Event: 180.729 GC heap after
Heap after GC invocations=15 (full 3):
 PSYoungGen      total 279040K, used 2610K [0x00000000d5f00000, 0x00000000e8b80000, 0x0000000100000000)
  eden space 261632K, 0% used [0x00000000d5f00000,0x00000000d5f00000,0x00000000e5e80000)
  from space 17408K, 14% used [0x00000000e6f80000,0x00000000e720cb60,0x00000000e8080000)
  to   space 17408K, 0% used [0x00000000e5e80000,0x00000000e5e80000,0x00000000e6f80000)
 ParOldGen       total 119296K, used 24848K [0x0000000081c00000, 0x0000000089080000, 0x00000000d5f00000)
  object space 119296K, 20% used [0x0000000081c00000,0x00000000834441b0,0x0000000089080000)
 Metaspace       used 57828K, capacity 61493K, committed 61736K, reserved 1101824K
  class space    used 8235K, capacity 8908K, committed 9000K, reserved 1048576K
}
Event: 180.730 GC heap before
{Heap before GC invocations=16 (full 4):
 PSYoungGen      total 279040K, used 2610K [0x00000000d5f00000, 0x00000000e8b80000, 0x0000000100000000)
  eden space 261632K, 0% used [0x00000000d5f00000,0x00000000d5f00000,0x00000000e5e80000)
  from space 17408K, 14% used [0x00000000e6f80000,0x00000000e720cb60,0x00000000e8080000)
  to   space 17408K, 0% used [0x00000000e5e80000,0x00000000e5e80000,0x00000000e6f80000)
 ParOldGen       total 119296K, used 24848K [0x0000000081c00000, 0x0000000089080000, 0x00000000d5f00000)
  object space 119296K, 20% used [0x0000000081c00000,0x00000000834441b0,0x0000000089080000)
 Metaspace       used 57828K, capacity 61493K, committed 61736K, reserved 1101824K
  class space    used 8235K, capacity 8908K, committed 9000K, reserved 1048576K
Event: 180.914 GC heap after
Heap after GC invocations=16 (full 4):
 PSYoungGen      total 279040K, used 0K [0x00000000d5f00000, 0x00000000e8b80000, 0x0000000100000000)
  eden space 261632K, 0% used [0x00000000d5f00000,0x00000000d5f00000,0x00000000e5e80000)
  from space 17408K, 0% used [0x00000000e6f80000,0x00000000e6f80000,0x00000000e8080000)
  to   space 17408K, 0% used [0x00000000e5e80000,0x00000000e5e80000,0x00000000e6f80000)
 ParOldGen       total 119296K, used 21897K [0x0000000081c00000, 0x0000000089080000, 0x00000000d5f00000)
  object space 119296K, 18% used [0x0000000081c00000,0x0000000083162580,0x0000000089080000)
 Metaspace       used 57828K, capacity 61493K, committed 61736K, reserved 1101824K
  class space    used 8235K, capacity 8908K, committed 9000K, reserved 1048576K
}
Event: 820.473 GC heap before
{Heap before GC invocations=17 (full 4):
 PSYoungGen      total 279040K, used 261632K [0x00000000d5f00000, 0x00000000e8b80000, 0x0000000100000000)
  eden space 261632K, 100% used [0x00000000d5f00000,0x00000000e5e80000,0x00000000e5e80000)
  from space 17408K, 0% used [0x00000000e6f80000,0x00000000e6f80000,0x00000000e8080000)
  to   space 17408K, 0% used [0x00000000e5e80000,0x00000000e5e80000,0x00000000e6f80000)
 ParOldGen       total 119296K, used 21897K [0x0000000081c00000, 0x0000000089080000, 0x00000000d5f00000)
  object space 119296K, 18% used [0x0000000081c00000,0x0000000083162580,0x0000000089080000)
 Metaspace       used 58094K, capacity 61879K, committed 61992K, reserved 1101824K
  class space    used 8284K, capacity 8972K, committed 9000K, reserved 1048576K
Event: 820.482 GC heap after
Heap after GC invocations=17 (full 4):
 PSYoungGen      total 279040K, used 4114K [0x00000000d5f00000, 0x00000000ec080000, 0x0000000100000000)
  eden space 261632K, 0% used [0x00000000d5f00000,0x00000000d5f00000,0x00000000e5e80000)
  from space 17408K, 23% used [0x00000000e5e80000,0x00000000e6284a70,0x00000000e6f80000)
  to   space 16896K, 0% used [0x00000000eb000000,0x00000000eb000000,0x00000000ec080000)
 ParOldGen       total 119296K, used 21905K [0x0000000081c00000, 0x0000000089080000, 0x00000000d5f00000)
  object space 119296K, 18% used [0x0000000081c00000,0x0000000083164580,0x0000000089080000)
 Metaspace       used 58094K, capacity 61879K, committed 61992K, reserved 1101824K
  class space    used 8284K, capacity 8972K, committed 9000K, reserved 1048576K
}

